"../../../Engine/Content/Animation/DefaultAnimCurveCompressionSettings.uasset" 0
"../../../Engine/Content/Functions/Engine_MaterialFunctions01/Opacity/CameraDepthFade.uasset" 1
"../../../Engine/Content/EngineMaterials/T_Default_Material_Grid_M.uasset" 2
"../../../Engine/Content/EngineMaterials/T_Default_Material_Grid_N.uasset" 3
"../../../Engine/Content/EngineMaterials/WorldGridMaterial.uasset" 4
"../../../Engine/Content/ArtTools/RenderToTexture/Meshes/S_1_Unit_Plane.uasset" 5
"../../../Engine/Content/EngineMaterials/DefaultMaterial.uasset" 6
"../../../Engine/Content/BasicShapes/Cone.uasset" 7
"../../../Engine/Content/BasicShapes/Cube.uasset" 8
"../../../Engine/Content/BasicShapes/Cylinder.uasset" 9
"../../../Engine/Content/BasicShapes/Plane.uasset" 10
"../../../Engine/Content/BasicShapes/Sphere.uasset" 11
"../../../Engine/Content/EditorLandscapeResources/DataLayer.uasset" 12
"../../../Engine/Content/EditorMaterials/GizmoMaterial.uasset" 13
"../../../Engine/Content/EditorMaterials/MAT_Groups_Toggle.uasset" 14
"../../../Engine/Content/EditorMaterials/MAT_Groups_Visibility.uasset" 15
"../../../Engine/Content/EditorMaterials/PreviewShadowIndicator.uasset" 16
"../../../Engine/Content/EditorMaterials/PreviewShadowIndicatorMaterial.uasset" 17
"../../../Engine/Content/EditorMaterials/MatineeGroups/MAT_ColorTrack.uasset" 18
"../../../Engine/Content/EditorMaterials/MatineeGroups/MAT_Groups_Anim.uasset" 19
"../../../Engine/Content/EditorMaterials/MatineeGroups/MAT_Groups_AudioMaster.uasset" 20
"../../../Engine/Content/EditorMaterials/MatineeGroups/MAT_Groups_Director.uasset" 21
"../../../Engine/Content/EditorMaterials/MatineeGroups/MAT_Groups_Event.uasset" 22
"../../../Engine/Content/EditorMaterials/MatineeGroups/MAT_Groups_Fade.uasset" 23
"../../../Engine/Content/EditorMaterials/MatineeGroups/MAT_Groups_Float.uasset" 24
"../../../Engine/Content/EditorMaterials/MatineeGroups/MAT_Groups_Move.uasset" 25
"../../../Engine/Content/EditorMaterials/MatineeGroups/MAT_Groups_Slomo.uasset" 26
"../../../Engine/Content/EditorMaterials/MatineeGroups/MAT_Groups_Sound.uasset" 27
"../../../Engine/Content/EditorMaterials/MatineeGroups/MAT_Groups_Vector.uasset" 28
"../../../Engine/Content/EditorMaterials/ParticleSystems/PSysThumbnail_NoImage.uasset" 29
"../../../Engine/Content/EditorMaterials/ParticleSystems/PSysThumbnail_OOD.uasset" 30
"../../../Engine/Content/EditorMaterials/Camera/CineMat.uasset" 31
"../../../Engine/Content/EditorMaterials/Camera/MI_CineMat_Rig.uasset" 32
"../../../Engine/Content/EditorMeshes/Camera/SM_CraneRig_Arm.uasset" 33
"../../../Engine/Content/EditorMeshes/Camera/SM_CraneRig_Base.uasset" 34
"../../../Engine/Content/EditorMeshes/Camera/SM_CraneRig_Body.uasset" 35
"../../../Engine/Content/EditorMeshes/Camera/SM_CraneRig_Mount.uasset" 36
"../../../Engine/Content/EditorMeshes/Camera/SM_RailRig_Mount.uasset" 37
"../../../Engine/Content/EditorMeshes/Camera/SM_RailRig_Track.uasset" 38
"../../../Engine/Content/EditorResources/BSPVertex.uasset" 39
"../../../Engine/Content/EditorResources/EmptyActor.uasset" 40
"../../../Engine/Content/EditorResources/S_Actor.uasset" 41
"../../../Engine/Content/EditorResources/S_Note.uasset" 42
"../../../Engine/Content/EditorResources/S_Trigger.uasset" 43
"../../../Engine/Content/EditorResources/LightIcons/S_LightError.uasset" 44
"../../../Engine/Content/EditorResources/SequenceRecorder/Countdown.uasset" 45
"../../../Engine/Content/EditorResources/SequenceRecorder/RecordingIndicator.uasset" 46
"../../../Engine/Content/EditorSounds/Notifications/CompileFailed.uasset" 47
"../../../Engine/Content/EditorSounds/Notifications/CompileFailed_Cue.uasset" 48
"../../../Engine/Content/EditorSounds/Notifications/CompileSuccess.uasset" 49
"../../../Engine/Content/EditorSounds/Notifications/CompileStart_Cue.uasset" 50
"../../../Engine/Content/EditorSounds/Notifications/CompileSuccess_Cue.uasset" 51
"../../../Engine/Content/EngineDamageTypes/DmgTypeBP_Environmental.uasset" 52
"../../../Engine/Content/EngineDebugMaterials/HeatmapGradient.uasset" 53
"../../../Engine/Content/EngineDebugMaterials/BoneWeightMaterial.uasset" 54
"../../../Engine/Content/EngineDebugMaterials/ClothMaterial.uasset" 55
"../../../Engine/Content/EngineDebugMaterials/ClothMaterial_WF.uasset" 56
"../../../Engine/Content/EngineDebugMaterials/DebugEditorMaterial.uasset" 57
"../../../Engine/Content/EngineDebugMaterials/DebugMeshMaterial.uasset" 58
"../../../Engine/Content/EngineDebugMaterials/GeomMaterial.uasset" 59
"../../../Engine/Content/EngineDebugMaterials/M_SimpleTranslucent.uasset" 60
"../../../Engine/Content/EngineFonts/Faces/RobotoBold.uasset" 61
"../../../Engine/Content/EngineFonts/Faces/RobotoBoldItalic.uasset" 62
"../../../Engine/Content/EngineFonts/Faces/RobotoItalic.uasset" 63
"../../../Engine/Content/EngineFonts/Faces/RobotoLight.uasset" 64
"../../../Engine/Content/EngineFonts/Faces/RobotoRegular.uasset" 65
"../../../Engine/Content/EngineFonts/Roboto.uasset" 66
"../../../Engine/Content/EngineFonts/Faces/RobotoTiny.uasset" 67
"../../../Engine/Content/EngineFonts/RobotoTiny.uasset" 68
"../../../Engine/Content/EngineMaterials/BaseFlattenDiffuseMap.uasset" 69
"../../../Engine/Content/EngineMaterials/BaseFlattenEmissiveMap.uasset" 70
"../../../Engine/Content/EngineMaterials/BaseFlattenGrayscaleMap.uasset" 71
"../../../Engine/Content/EngineMaterials/BaseFlattenNormalMap.uasset" 72
"../../../Engine/Content/EngineMaterials/BaseFlattenMaterial.uasset" 73
"../../../Engine/Content/EngineMaterials/DefaultBloomKernel.uasset" 74
"../../../Engine/Content/EngineMaterials/DefaultBokeh.uasset" 75
"../../../Engine/Content/EngineMaterials/DefaultDiffuse.uasset" 76
"../../../Engine/Content/EngineMaterials/DefaultDeferredDecalMaterial.uasset" 77
"../../../Engine/Content/EngineMaterials/DefaultLightFunctionMaterial.uasset" 78
"../../../Engine/Content/EngineMaterials/DefaultPhysicalMaterial.uasset" 79
"../../../Engine/Content/Functions/Engine_MaterialFunctions02/Utility/BreakOutFloat2Components.uasset" 80
"../../../Engine/Content/EngineMaterials/DefaultPostProcessMaterial.uasset" 81
"../../../Engine/Content/EngineFonts/RobotoDistanceField.uasset" 82
"../../../Engine/Content/EngineMaterials/DefaultTextMaterialOpaque.uasset" 83
"../../../Engine/Content/EngineMaterials/DefaultWhiteGrid.uasset" 84
"../../../Engine/Content/EngineMaterials/EditorBrushMaterial.uasset" 85
"../../../Engine/Content/EngineMaterials/Good64x64TilingNoiseHighFreq.uasset" 86
"../../../Engine/Content/EngineMaterials/MiniFont.uasset" 87
"../../../Engine/Content/EngineMaterials/InvalidLightmapSettings.uasset" 88
"../../../Engine/Content/EngineMaterials/M_InvalidLightmapSettings.uasset" 89
"../../../Engine/Content/Functions/Engine_MaterialFunctions02/WorldPositionOffset/CameraOffset.uasset" 90
"../../../Engine/Content/EngineMaterials/PhAT_JointLimitMaterial.uasset" 91
"../../../Engine/Content/EngineMaterials/PreintegratedSkinBRDF.uasset" 92
"../../../Engine/Content/EngineMaterials/RemoveSurfaceMaterial.uasset" 93
"../../../Engine/Content/EngineMaterials/WeightMapPlaceholderTexture.uasset" 94
"../../../Engine/Content/EngineResources/WhiteSquareTexture.uasset" 95
"../../../Engine/Content/EngineMaterials/Widget3DPassThrough.uasset" 96
"../../../Engine/Content/EngineMaterials/Widget3DPassThrough_Masked.uasset" 97
"../../../Engine/Content/EngineMaterials/Widget3DPassThrough_Opaque.uasset" 98
"../../../Engine/Content/EngineMaterials/Widget3DPassThrough_Masked_OneSided.uasset" 99
"../../../Engine/Content/EngineMaterials/Widget3DPassThrough_Opaque_OneSided.uasset" 100
"../../../Engine/Content/EngineMaterials/Widget3DPassThrough_Translucent.uasset" 101
"../../../Engine/Content/EngineMaterials/Widget3DPassThrough_Translucent_OneSided.uasset" 102
"../../../Engine/Content/EngineMeshes/Cylinder.uasset" 103
"../../../Engine/Content/EngineMeshes/Sphere.uasset" 104
"../../../Engine/Content/EngineResources/Black.uasset" 105
"../../../Engine/Content/EngineResources/DefaultTexture.uasset" 106
"../../../Engine/Content/EngineResources/DefaultTextureCube.uasset" 107
"../../../Engine/Content/EngineResources/DefaultVolumeTexture2D.uasset" 108
"../../../Engine/Content/EngineResources/DefaultVolumeTexture.uasset" 109
"../../../Engine/Content/EngineResources/GradientTexture0.uasset" 110
"../../../Engine/Content/EngineSounds/Master.uasset" 111
"../../../Engine/Content/Functions/Engine_MaterialFunctions01/Shading/ConvertFromDiffSpec.uasset" 112
"../../../Engine/Content/Functions/Engine_MaterialFunctions01/Shading/PowerToRoughness.uasset" 113
"../../../Engine/Content/Maps/Templates/Thumbnails/Default.uasset" 114
"../../../Engine/Content/Maps/Templates/Thumbnails/VR-Basic.uasset" 115
"../../../Engine/Content/MobileResources/T_MobileControls_texture.uasset" 116
"../../../Engine/Content/MobileResources/T_MobileMenu2.uasset" 117
"../../../Engine/Content/MobileResources/HUD/AnalogHat.uasset" 118
"../../../Engine/Content/MobileResources/HUD/VirtualJoystick_Background.uasset" 119
"../../../Engine/Content/MobileResources/HUD/VirtualJoystick_Thumb.uasset" 120
"../../../Engine/Content/MobileResources/HUD/DefaultVirtualJoysticks.uasset" 121
"../../../Engine/Content/MobileResources/HUD/LeftVirtualJoystickOnly.uasset" 122
"../../../Engine/Content/MobileResources/HUD/MobileHUDButton1_off.uasset" 123
"../../../Engine/Content/MobileResources/HUD/MobileHUDButton1_on.uasset" 124
"../../../Engine/Content/MobileResources/HUD/MobileHUDButton2_off.uasset" 125
"../../../Engine/Content/MobileResources/HUD/MobileHUDButton2_on.uasset" 126
"../../../Engine/Content/MobileResources/HUD/MobileHUDButton3.uasset" 127
"../../../Engine/Content/MobileResources/HUD/MobileHUDButtonFire.uasset" 128
"../../../Engine/Content/MobileResources/HUD/MobileHUDDirectionPad.uasset" 129
"../../../Engine/Content/MobileResources/HUD/MobileHUDDirectionPad2.uasset" 130
"../../../Engine/Content/MobileResources/HUD/MobileHUDDirectionPad3.uasset" 131
"../../../Engine/Content/MobileResources/HUD/MobileHUDDirectionStick.uasset" 132
"../../../Engine/Content/MobileResources/HUD/T_Castle_ThumbstickInner.uasset" 133
"../../../Engine/Content/MobileResources/HUD/T_Castle_ThumbstickOutter.uasset" 134
"../../../Engine/Content/Tutorial/ContentIntroCurve.uasset" 135
"../../../Engine/Content/Tutorial/Basics/LevelEditorAttract.uasset" 136
"../../../Engine/Content/VREditor/LaserPointer/VR_LaserPower_01.uasset" 137
"../../../Engine/Content/VREditor/TransformGizmo/TransformGizmoMaterial.uasset" 138
"../../../Engine/Content/VREditor/TransformGizmo/TranslucentTransformGizmoMaterial.uasset" 139
"../../../Engine/Content/VREditor/TransformGizmo/BoundingBoxCorner.uasset" 140
"../../../Engine/Content/VREditor/TransformGizmo/BoundingBoxEdge.uasset" 141
"../../../Engine/Content/VREditor/TransformGizmo/PlaneTranslationHandle.uasset" 142
"../../../Engine/Content/VREditor/TransformGizmo/Main.uasset" 143
"../../../Engine/Content/VREditor/TransformGizmo/Xray.uasset" 144
"../../../Engine/Content/VREditor/TransformGizmo/SM_Sequencer_Key.uasset" 145
"../../../Engine/Content/VREditor/TransformGizmo/SM_Sequencer_Node.uasset" 146
"../../Plugins/2D/Paper2D/Content/PlaceholderTextures/DummySpriteTexture.uasset" 147
"../../Plugins/2D/Paper2D/Content/DummySprite.uasset" 148
"../../Plugins/2D/Paper2D/Content/DefaultPaperTerrainMaterial.uasset" 149
"../../Plugins/2D/Paper2D/Content/DummySpriteTexture.uasset" 150
"../../Plugins/2D/Paper2D/Content/DefaultSpriteMaterial.uasset" 151
"../../Plugins/2D/Paper2D/Content/MaskedUnlitSpriteMaterial.uasset" 152
"../../Plugins/2D/Paper2D/Content/OpaqueUnlitSpriteMaterial.uasset" 153
"../../Plugins/Runtime/Oculus/OculusVR/Content/OculusMR_RenderTarget.uasset" 154
"../../../Engine/Content/Functions/Engine_MaterialFunctions02/Utility/BreakOutFloat4Components.uasset" 155
"../../../Engine/Content/Functions/Engine_MaterialFunctions02/Utility/MakeFloat2.uasset" 156
"../../../Engine/Content/Functions/Engine_MaterialFunctions02/Utility/MakeFloat3.uasset" 157
"../../Plugins/Runtime/Oculus/OculusVR/Content/Materials/OculusMR_ChromaKey.uasset" 158
"../../Plugins/Runtime/Oculus/OculusVR/Content/Materials/OculusMR_ChromaKey_Lit.uasset" 159
"../../Plugins/Runtime/Oculus/OculusVR/Content/Materials/OculusMR_OpaqueColoredMaterial.uasset" 160
"../../Plugins/Runtime/Oculus/OculusVR/Content/Materials/OculusMR_WhiteMaterial.uasset" 161
"../../Plugins/Runtime/Oculus/OculusVR/Content/Materials/PokeAHoleMaterial.uasset" 162
"../../Plugins/Runtime/Oculus/OculusVR/Content/Textures/GearVRController_AO.uasset" 163
"../../Plugins/Runtime/Oculus/OculusVR/Content/Textures/GearVRController_Color.uasset" 164
"../../Plugins/Runtime/Oculus/OculusVR/Content/Textures/GearVRController_Normal.uasset" 165
"../../Plugins/Runtime/Oculus/OculusVR/Content/Materials/GearVRControllerMaterial.uasset" 166
"../../Plugins/Runtime/Oculus/OculusVR/Content/Meshes/GearVrController.uasset" 167
"../../Plugins/Runtime/Oculus/OculusVR/Content/Textures/touchController_albedo.uasset" 168
"../../Plugins/Runtime/Oculus/OculusVR/Content/Textures/touchController_controlmap.uasset" 169
"../../Plugins/Runtime/Oculus/OculusVR/Content/Materials/touchController_mat.uasset" 170
"../../Plugins/Runtime/Oculus/OculusVR/Content/Meshes/LeftTouchController.uasset" 171
"../../Plugins/Runtime/Oculus/OculusVR/Content/Meshes/RiftHMD.uasset" 172
"../../Plugins/Runtime/Oculus/OculusVR/Content/Meshes/RightTouchController.uasset" 173
"../../../Engine/Content/EditorBlueprintResources/StandardMacros.uasset" 174
"M:/SMARTArchViz/Content/SMART-ArchVizPack01/Blueprint/Interface/Interactable.uasset" 175
"M:/SMARTArchViz/Content/SMART-ArchVizPack01/Blueprint/2DContent/2D_PressE.uasset" 176
"M:/SMARTArchViz/Content/SMART-ArchVizPack01/Blueprint/Widget/BP_pressE.uasset" 177
"M:/SMARTArchViz/Content/SMART-ArchVizPack01/Textures/T_TV_D.uasset" 178
"M:/SMARTArchViz/Content/SMART-ArchVizPack01/Textures/T_TV_N.uasset" 179
"M:/SMARTArchViz/Content/SMART-ArchVizPack01/Textures/T_TV_PBR.uasset" 180
"M:/SMARTArchViz/Content/SMART-ArchVizPack01/Materials/M_Base_WithoutMetallic_Control.uasset" 181
"M:/SMARTArchViz/Content/SMART-ArchVizPack01/Textures/T_Door_D.uasset" 182
"M:/SMARTArchViz/Content/SMART-ArchVizPack01/Textures/T_Door_N.uasset" 183
"M:/SMARTArchViz/Content/SMART-ArchVizPack01/Textures/T_Door_PBR.uasset" 184
"M:/SMARTArchViz/Content/SMART-ArchVizPack01/Materials/MI_Door.uasset" 185
"M:/SMARTArchViz/Content/SMART-ArchVizPack01/Materials/M_Base_Silver.uasset" 186
"M:/SMARTArchViz/Content/SMART-ArchVizPack01/Materials/MI_Silver02.uasset" 187
"M:/SMARTArchViz/Content/SMART-ArchVizPack01/StaticMesh/Props/SM_Door_01.uasset" 188
"M:/SMARTArchViz/Content/SMART-ArchVizPack01/StaticMesh/Props/SM_Door_01_Frame.uasset" 189
"M:/SMARTArchViz/Content/SMART-ArchVizPack01/Blueprint/ActorBP/Door_Bp.uasset" 190
"../../../Engine/Content/EngineSky/C_Sky_Cloud_Color.uasset" 191
"../../../Engine/Content/EngineSky/C_Sky_Horizon_Color.uasset" 192
"../../../Engine/Content/EngineSky/C_Sky_Zenith_Color.uasset" 193
"../../../Engine/Content/EngineSky/T_Sky_Blue.uasset" 194
"../../../Engine/Content/EngineSky/T_Sky_Clouds_M.uasset" 195
"../../../Engine/Content/EngineSky/T_Sky_Stars.uasset" 196
"../../../Engine/Content/EngineSky/M_Sky_Panning_Clouds2.uasset" 197
"../../../Engine/Content/EngineSky/SM_SkySphere.uasset" 198
"../../../Engine/Content/EngineSky/BP_Sky_Sphere.uasset" 199
"M:/SMARTArchViz/Content/SMART-ArchVizPack01/Blueprint/Movementmode.uasset" 200
"M:/SMARTArchViz/Content/StoryAdvTemplate/Textures/T_Dot.uasset" 201
"M:/SMARTArchViz/Content/SMART-ArchVizPack01/Blueprint/Widget/CrossHair_widget.uasset" 202
"M:/SMARTArchViz/Content/SMART-ArchVizPack01/Blueprint/2DContent/2D_MiniMap_Arch.uasset" 203
"M:/SMARTArchViz/Content/SMART-ArchVizPack01/Blueprint/2DContent/iconfinder_map-marker_299087.uasset" 204
"M:/SMARTArchViz/Content/SMART-ArchVizPack01/Blueprint/Widget/Plan_widget.uasset" 205
"M:/SMARTArchViz/Content/SMART-ArchVizPack01/Blueprint/Widget/SettingsWidget.uasset" 206
"M:/SMARTArchViz/Content/StoryAdvTemplate/Textures/Bags.uasset" 207
"M:/SMARTArchViz/Content/StoryAdvTemplate/Textures/btn_icon_gear.uasset" 208
"M:/SMARTArchViz/Content/StoryAdvTemplate/Textures/btn_icon_quit.uasset" 209
"M:/SMARTArchViz/Content/StoryAdvTemplate/Textures/iconfinder_108_Map_Camping_plan_track_location_camping_camp_4172880.uasset" 210
"M:/SMARTArchViz/Content/StoryAdvTemplate/Textures/iconfinder_540_Build_design_develop_sketch_tools_game_design_development_4168625.uasset" 211
"M:/SMARTArchViz/Content/StoryAdvTemplate/Textures/iconfinder_icon-image_211677.uasset" 212
"M:/SMARTArchViz/Content/StoryAdvTemplate/Textures/men-walking-symball-og-01-tbkygd.uasset" 213
"M:/SMARTArchViz/Content/SMART-ArchVizPack01/Blueprint/Widget/MenuWidget.uasset" 214
"M:/SMARTArchViz/Content/SMART-ArchVizPack01/Blueprint/FirstPersonBP/FirstPersonCharacter.uasset" 215
"../../../Engine/Content/Functions/Engine_MaterialFunctions02/SafeNormalize.uasset" 216
"../../../Engine/Content/Functions/Engine_MaterialFunctions02/Math/CreateThirdOrthogonalVector.uasset" 217
"../../../Engine/Content/Functions/Engine_MaterialFunctions02/Math/InverseTransformMatrix.uasset" 218
"../../../Engine/Content/Functions/Engine_MaterialFunctions02/Math/TransformToZVector.uasset" 219
"../../../Engine/Content/Functions/Engine_MaterialFunctions02/Utility/CameraDirectionVector.uasset" 220
"../../../Engine/Content/Functions/Engine_MaterialFunctions02/Utility/VectorLength.uasset" 221
"../../../Engine/Content/EngineVolumetrics/Fogsheet/Materials/T_EV_BlankWhite_01.uasset" 222
"../../../Engine/Content/Functions/Engine_MaterialFunctions01/Texturing/ParallaxOcclusionMapping.uasset" 223
"M:/SMARTArchViz/Content/SMART-ArchVizPack01/Textures/T_Carpet_06.uasset" 224
"M:/SMARTArchViz/Content/SMART-ArchVizPack01/Textures/T_Carpet_N.uasset" 225
"M:/SMARTArchViz/Content/SMART-ArchVizPack01/Textures/T_Carpet_PBR.uasset" 226
"M:/SMARTArchViz/Content/SMART-ArchVizPack01/Materials/M_Base_Carpet.uasset" 227
"M:/SMARTArchViz/Content/SMART-ArchVizPack01/Materials/MI_Carpet06.uasset" 228
"M:/SMARTArchViz/Content/SMART-ArchVizPack01/Textures/T_Carpet_05.uasset" 229
"M:/SMARTArchViz/Content/SMART-ArchVizPack01/Materials/MI_Carpet01.uasset" 230
"M:/SMARTArchViz/Content/SMART-ArchVizPack01/Textures/T_Carpet_08.uasset" 231
"M:/SMARTArchViz/Content/SMART-ArchVizPack01/Materials/MI_Carpet02.uasset" 232
"M:/SMARTArchViz/Content/SMART-ArchVizPack01/Textures/T_Carpet_01.uasset" 233
"M:/SMARTArchViz/Content/SMART-ArchVizPack01/Materials/MI_Carpet03.uasset" 234
"M:/SMARTArchViz/Content/SMART-ArchVizPack01/Blueprint/2DContent/2D_Sofa06_C.uasset" 235
"M:/SMARTArchViz/Content/SMART-ArchVizPack01/Blueprint/Widget/MatChangeBtn.uasset" 236
"M:/SMARTArchViz/Content/SMART-ArchVizPack01/Blueprint/2DContent/2D_Line01.uasset" 237
"M:/SMARTArchViz/Content/SMART-ArchVizPack01/Blueprint/Widget/FurnitureMatWidget.uasset" 238
"M:/SMARTArchViz/Content/StoryAdvTemplate/Textures/iconfinder_sofa_2023122.uasset" 239
"M:/SMARTArchViz/Content/SMART-ArchVizPack01/Blueprint/Widget/FurnitureIcon_widget.uasset" 240
"M:/SMARTArchViz/Content/SMART-ArchVizPack01/Blueprint/2DContent/2D_Carpet_A.uasset" 241
"M:/SMARTArchViz/Content/SMART-ArchVizPack01/Blueprint/2DContent/2D_Carpet_B.uasset" 242
"M:/SMARTArchViz/Content/SMART-ArchVizPack01/Blueprint/2DContent/2D_Carpet_C.uasset" 243
"M:/SMARTArchViz/Content/SMART-ArchVizPack01/StaticMesh/Props/SM_Carpet_01.uasset" 244
"M:/SMARTArchViz/Content/StoryAdvTemplate/Textures/iconfinder_Carpet_7648594.uasset" 245
"M:/SMARTArchViz/Content/SMART-ArchVizPack01/Blueprint/ActorBP/BP_furniture.uasset" 246
"M:/SMARTArchViz/Content/SMART-ArchVizPack01/Materials/M_Base_Emissive.uasset" 247
"M:/SMARTArchViz/Content/SMART-ArchVizPack01/Textures/T_Sofa01_D_Mat01.uasset" 248
"M:/SMARTArchViz/Content/SMART-ArchVizPack01/Textures/T_Sofa01_N_Mat01.uasset" 249
"M:/SMARTArchViz/Content/SMART-ArchVizPack01/Textures/T_Sofa01_PBR.uasset" 250
"M:/SMARTArchViz/Content/SMART-ArchVizPack01/Materials/M_Base_Fabric.uasset" 251
"M:/SMARTArchViz/Content/SMART-ArchVizPack01/Textures/T_TableLamp_D.uasset" 252
"M:/SMARTArchViz/Content/SMART-ArchVizPack01/Textures/T_TableLamp_N.uasset" 253
"M:/SMARTArchViz/Content/SMART-ArchVizPack01/Textures/T_TableLamp_PBR.uasset" 254
"M:/SMARTArchViz/Content/SMART-ArchVizPack01/Materials/MI_TableLamp_Fabric.uasset" 255
"M:/SMARTArchViz/Content/SMART-ArchVizPack01/Materials/MI_TableLamp_Ston.uasset" 256
"M:/SMARTArchViz/Content/SMART-ArchVizPack01/Materials/MI_TableLamp_Metal.uasset" 257
"M:/SMARTArchViz/Content/SMART-ArchVizPack01/StaticMesh/Props/SM_TableLamp.uasset" 258
"M:/SMARTArchViz/Content/SMART-ArchVizPack01/Blueprint/ActorBP/Lamp.uasset" 259
"M:/SMARTArchViz/Content/SMART-ArchVizPack01/Materials/MI_Sofa02_Mat01.uasset" 260
"M:/SMARTArchViz/Content/SMART-ArchVizPack01/Textures/T_Sofa01_D_Mat02.uasset" 261
"M:/SMARTArchViz/Content/SMART-ArchVizPack01/Textures/T_Sofa01_N_Mat02.uasset" 262
"M:/SMARTArchViz/Content/SMART-ArchVizPack01/Materials/MI_Sofa02_Mat02.uasset" 263
"M:/SMARTArchViz/Content/SMART-ArchVizPack01/Textures/T_Sofa01_D_Mat03.uasset" 264
"M:/SMARTArchViz/Content/SMART-ArchVizPack01/Textures/T_Sofa01_N_Mat03.uasset" 265
"M:/SMARTArchViz/Content/SMART-ArchVizPack01/Materials/MI_Sofa02_Mat03.uasset" 266
"M:/SMARTArchViz/Content/SMART-ArchVizPack01/Blueprint/2DContent/2D_Sofa02_A.uasset" 267
"M:/SMARTArchViz/Content/SMART-ArchVizPack01/Blueprint/2DContent/2D_Sofa02_B.uasset" 268
"M:/SMARTArchViz/Content/SMART-ArchVizPack01/Blueprint/2DContent/2D_Sofa02_C.uasset" 269
"M:/SMARTArchViz/Content/SMART-ArchVizPack01/StaticMesh/Props/SM_Sofa_02.uasset" 270
"M:/SMARTArchViz/Content/SMART-ArchVizPack01/Blueprint/ActorBP/Sofa2_BP.uasset" 271
"M:/SMARTArchViz/Content/SMART-ArchVizPack01/Textures/T_Sofa07_D_Mat03.uasset" 272
"M:/SMARTArchViz/Content/SMART-ArchVizPack01/Textures/T_Sofa07_N_Mat03.uasset" 273
"M:/SMARTArchViz/Content/SMART-ArchVizPack01/Textures/T_Sofa07_PBR_Mat03.uasset" 274
"M:/SMARTArchViz/Content/SMART-ArchVizPack01/Materials/MI_Sofa06_A.uasset" 275
"M:/SMARTArchViz/Content/SMART-ArchVizPack01/Textures/T_Sofa07_D_Mat02.uasset" 276
"M:/SMARTArchViz/Content/SMART-ArchVizPack01/Textures/T_Sofa07_N_Mat02.uasset" 277
"M:/SMARTArchViz/Content/SMART-ArchVizPack01/Textures/T_Sofa07_PBR_Mat02.uasset" 278
"M:/SMARTArchViz/Content/SMART-ArchVizPack01/Materials/MI_Sofa06_B.uasset" 279
"M:/SMARTArchViz/Content/SMART-ArchVizPack01/Textures/T_Sofa07_D_Mat01.uasset" 280
"M:/SMARTArchViz/Content/SMART-ArchVizPack01/Textures/T_Sofa07_N_Mat01.uasset" 281
"M:/SMARTArchViz/Content/SMART-ArchVizPack01/Textures/T_Sofa07_PBR_Mat01.uasset" 282
"M:/SMARTArchViz/Content/SMART-ArchVizPack01/Materials/MI_Sofa06_C.uasset" 283
"M:/SMARTArchViz/Content/SMART-ArchVizPack01/Blueprint/2DContent/2D_Sofa06_A.uasset" 284
"M:/SMARTArchViz/Content/SMART-ArchVizPack01/Blueprint/2DContent/2D_Sofa06_B.uasset" 285
"M:/SMARTArchViz/Content/SMART-ArchVizPack01/Materials/MI_Sofa06_Metal.uasset" 286
"M:/SMARTArchViz/Content/SMART-ArchVizPack01/StaticMesh/Props/SM_Sofa_06.uasset" 287
"M:/SMARTArchViz/Content/SMART-ArchVizPack01/Blueprint/ActorBP/Sofa_BP.uasset" 288
"M:/SMARTArchViz/Content/SMART-ArchVizPack01/Materials/MI_Emissive_HomeRoof.uasset" 289
"M:/SMARTArchViz/Content/SMART-ArchVizPack01/Materials/MI_Emissive_StandLight.uasset" 290
"M:/SMARTArchViz/Content/SMART-ArchVizPack01/Textures/Kitchen/T_Kitchen01_Mat04_D.uasset" 291
"M:/SMARTArchViz/Content/SMART-ArchVizPack01/Textures/Kitchen/T_Kitchen01_Mat04_N.uasset" 292
"M:/SMARTArchViz/Content/SMART-ArchVizPack01/Textures/Kitchen/T_Kitchen01_Mat04_PBR.uasset" 293
"M:/SMARTArchViz/Content/SMART-ArchVizPack01/Materials/M_Base_WithMetallic_Control.uasset" 294
"M:/SMARTArchViz/Content/SMART-ArchVizPack01/Textures/T_LightStands_D.uasset" 295
"M:/SMARTArchViz/Content/SMART-ArchVizPack01/Textures/T_LightStands_N.uasset" 296
"M:/SMARTArchViz/Content/SMART-ArchVizPack01/Textures/T_LightStands_PBR.uasset" 297
"M:/SMARTArchViz/Content/SMART-ArchVizPack01/Materials/MI_StandLight01.uasset" 298
"M:/SMARTArchViz/Content/SMART-ArchVizPack01/StaticMesh/Props/SM_StandLight_01.uasset" 299
"M:/SMARTArchViz/Content/SMART-ArchVizPack01/Blueprint/ActorBP/STandLamp.uasset" 300
"M:/SMARTArchViz/Content/SMART-ArchVizPack01/Blueprint/FirstPersonBP/FirstPersonHUD.uasset" 301
"M:/SMARTArchViz/Content/SMART-ArchVizPack01/Blueprint/Widget/ParameterCollection.uasset" 302
"M:/SMARTArchViz/Content/SMART-ArchVizPack01/Blueprint/Widget/T_PlayerMarker.uasset" 303
"M:/SMARTArchViz/Content/SMART-ArchVizPack01/Blueprint/Widget/minimaptest_Mat.uasset" 304
"M:/SMARTArchViz/Content/SMART-ArchVizPack01/Blueprint/Widget/Minimap_Widget.uasset" 305
"M:/SMARTArchViz/Content/SMART-ArchVizPack01/Blueprint/Widget/Hud_Widget.uasset" 306
"M:/SMARTArchViz/Content/SMART-ArchVizPack01/Blueprint/FirstPersonBP/FirstPersonGameMode.uasset" 307
"M:/SMARTArchViz/Content/test_BuiltData.uasset" 308
"../../../Engine/Content/Functions/Engine_MaterialFunctions02/Utility/MakeFloat4.uasset" 309
"M:/SMARTArchViz/Content/StoryAdvTemplate/Materials/PostProcessing/PP_ObjectOutline_Master.uasset" 310
"M:/SMARTArchViz/Content/StoryAdvTemplate/Materials/PostProcessing/PP_ObjectOutline.uasset" 311
"../../../Engine/Content/MapTemplates/SM_Template_Map_Floor.uasset" 312
"M:/SMARTArchViz/Content/test.umap" 313
"../../../Engine/Content/Maps/Entry_BuiltData.uasset" 314
"../../../Engine/Content/Maps/Entry.umap" 315
